[2024-09-19 14:17:28] Script démarré
[2024-09-19 14:17:28] Autoloader chargé
[2024-09-19 14:17:28] Classes importées
[2024-09-19 14:17:28] Requête POST reçue
[2024-09-19 14:17:28] Données du formulaire traitées
[2024-09-19 14:17:28] QR code généré
[2024-09-19 14:17:28] Contenu HTML créé
[2024-09-19 14:17:28] HTML chargé dans Dompdf
[2024-09-19 14:17:28] Format du papier défini
[2024-09-19 14:17:28] PDF rendu
[2024-09-19 14:17:28] PDF envoyé au navigateur
[2024-09-19 14:17:34] Script démarré
[2024-09-19 14:17:34] Autoloader chargé
[2024-09-19 14:17:34] Classes importées
[2024-09-19 14:17:34] Méthode de requête non autorisée
[2024-09-19 14:21:09] Script démarré
[2024-09-19 14:21:09] Autoloader chargé
[2024-09-19 14:21:09] Classes importées
[2024-09-19 14:21:09] Requête valide reçue
[2024-09-19 14:21:09] Données du formulaire traitées
[2024-09-19 14:21:10] QR code généré
[2024-09-19 14:21:10] Contenu HTML créé
[2024-09-19 14:21:10] HTML chargé dans Dompdf
[2024-09-19 14:21:10] Format du papier défini
[2024-09-19 14:21:10] PDF rendu
[2024-09-19 14:21:10] PDF envoyé au navigateur
[2024-09-19 14:23:02] Script démarré
[2024-09-19 14:23:02] Autoloader chargé
[2024-09-19 14:23:02] Classes importées
[2024-09-19 14:23:02] Requête valide reçue
[2024-09-19 14:23:02] Données du formulaire traitées
[2024-09-19 14:23:03] QR code généré
[2024-09-19 14:23:03] Contenu HTML créé
[2024-09-19 14:23:03] HTML chargé dans Dompdf
[2024-09-19 14:23:03] Format du papier défini
[2024-09-19 14:23:03] PDF rendu
[2024-09-19 14:23:03] PDF envoyé au navigateur
[2024-09-19 14:23:09] Script démarré
[2024-09-19 14:23:09] Autoloader chargé
[2024-09-19 14:23:09] Classes importées
[2024-09-19 14:23:09] Méthode de requête non autorisée ou formulaire non soumis
[2024-09-19 14:27:04] Script démarré
[2024-09-19 14:27:04] Requête valide reçue
[2024-09-19 14:27:04] Autoloader chargé
[2024-09-19 14:27:04] Classes importées
[2024-09-19 14:27:04] Données du formulaire traitées
[2024-09-19 14:27:04] QR code généré
[2024-09-19 14:27:04] Contenu HTML créé
[2024-09-19 14:27:05] HTML chargé dans Dompdf
[2024-09-19 14:27:05] Format du papier défini
[2024-09-19 14:27:05] PDF rendu
[2024-09-19 14:27:05] PDF envoyé au navigateur
[2024-09-19 14:27:08] Script démarré
[2024-09-19 14:27:08] Méthode de requête non autorisée ou formulaire non soumis
[2024-09-19 14:33:25] Script démarré
[2024-09-19 14:33:25] Requête valide reçue
[2024-09-19 14:33:25] Autoloader chargé
[2024-09-19 14:33:25] Classes importées
[2024-09-19 14:33:25] Données du formulaire traitées
[2024-09-19 14:33:25] QR code généré
[2024-09-19 14:33:25] Contenu HTML créé
[2024-09-19 14:33:25] HTML chargé dans Dompdf
[2024-09-19 14:33:25] Format du papier défini
[2024-09-19 14:33:25] PDF rendu
[2024-09-19 14:33:25] PDF envoyé au navigateur
[2024-09-19 14:33:29] Script démarré
[2024-09-19 14:33:29] Méthode de requête non autorisée ou formulaire non soumis
[2024-09-19 14:37:42] Script démarré
[2024-09-19 14:37:42] Requête valide reçue
[2024-09-19 14:37:42] Autoloader chargé
[2024-09-19 14:37:42] Classes importées
[2024-09-19 14:37:42] Données du formulaire traitées
[2024-09-19 14:37:42] QR code généré
[2024-09-19 14:37:42] Contenu HTML créé
[2024-09-19 14:37:42] HTML chargé dans Dompdf
[2024-09-19 14:37:42] Format du papier défini
[2024-09-19 14:37:43] PDF rendu
[2024-09-19 14:37:43] PDF envoyé au navigateur
[2024-09-19 14:37:46] Script démarré
[2024-09-19 14:37:46] Méthode de requête non autorisée ou formulaire non soumis
[2024-09-19 14:48:37] Script démarré
[2024-09-19 14:48:37] Requête valide reçue
[2024-09-19 14:48:37] Autoloader chargé
[2024-09-19 14:48:37] Classes importées
[2024-09-19 14:48:37] Données du formulaire traitées
[2024-09-19 14:48:39] QR code généré
[2024-09-19 14:48:39] Contenu HTML créé
[2024-09-19 14:48:40] HTML chargé dans Dompdf
[2024-09-19 14:48:40] Format du papier défini
[2024-09-19 14:48:41] PDF rendu
[2024-09-19 14:48:41] PDF envoyé au navigateur
[2024-09-19 14:50:56] Script démarré
[2024-09-19 14:50:56] Requête valide reçue
[2024-09-19 14:50:56] Autoloader chargé
[2024-09-19 14:50:56] Classes importées
[2024-09-19 14:50:56] Données du formulaire traitées
[2024-09-19 14:50:57] QR code généré
[2024-09-19 14:50:57] Contenu HTML créé
[2024-09-19 14:50:57] HTML chargé dans Dompdf
[2024-09-19 14:50:57] Format du papier défini
[2024-09-19 14:50:57] PDF rendu
[2024-09-19 14:50:57] PDF sauvegardé sur le serveur
[2024-09-19 14:54:51] Script démarré
[2024-09-19 14:54:51] Requête valide reçue
[2024-09-19 14:54:51] Autoloader chargé
[2024-09-19 14:54:51] Classes importées
[2024-09-19 14:54:51] Données du formulaire traitées
[2024-09-19 14:54:52] QR code généré
[2024-09-19 14:54:52] Contenu HTML créé
[2024-09-19 14:54:52] HTML chargé dans Dompdf
[2024-09-19 14:54:52] Format du papier défini
[2024-09-19 14:54:52] PDF rendu
[2024-09-19 14:54:52] PDF sauvegardé sur le serveur
[2024-09-19 14:59:46] Script démarré
[2024-09-19 14:59:46] Requête valide reçue
[2024-09-19 14:59:46] Autoloader chargé
[2024-09-19 14:59:46] Classes importées
[2024-09-19 14:59:46] Données du formulaire traitées
[2024-09-19 14:59:46] QR code généré
[2024-09-19 14:59:46] Contenu HTML créé
[2024-09-19 14:59:46] HTML chargé dans Dompdf
[2024-09-19 14:59:46] Format du papier défini
[2024-09-19 14:59:46] PDF rendu
[2024-09-19 14:59:46] PDF sauvegardé sur le serveur
[2024-09-19 15:05:03] Script démarré
[2024-09-19 15:05:03] Requête valide reçue
[2024-09-19 15:05:03] Autoloader chargé
[2024-09-19 15:05:03] Classes importées
[2024-09-19 15:05:03] Données du formulaire traitées
[2024-09-19 15:05:04] QR code généré
[2024-09-19 15:05:04] Contenu HTML créé
[2024-09-19 15:05:04] HTML chargé dans Dompdf
[2024-09-19 15:05:04] Format du papier défini
[2024-09-19 15:05:04] PDF rendu
[2024-09-19 15:05:04] PDF sauvegardé sur le serveur
[2024-09-19 15:06:33] Script démarré
[2024-09-19 15:06:33] Requête valide reçue
[2024-09-19 15:06:33] Autoloader chargé
[2024-09-19 15:06:33] Classes importées
[2024-09-19 15:06:33] Données du formulaire traitées
[2024-09-19 15:06:34] QR code généré
[2024-09-19 15:06:34] Contenu HTML créé
[2024-09-19 15:06:34] HTML chargé dans Dompdf
[2024-09-19 15:06:34] Format du papier défini
[2024-09-19 15:06:34] PDF rendu
[2024-09-19 15:06:34] PDF sauvegardé sur le serveur
[2024-09-19 15:08:09] Script démarré
[2024-09-19 15:08:09] Requête valide reçue
[2024-09-19 15:08:09] Autoloader chargé
[2024-09-19 15:08:09] Classes importées
[2024-09-19 15:08:09] Données du formulaire traitées
[2024-09-19 15:08:09] QR code généré
[2024-09-19 15:08:09] Contenu HTML créé
[2024-09-19 15:08:09] HTML chargé dans Dompdf
[2024-09-19 15:08:09] Format du papier défini
[2024-09-19 15:08:09] PDF rendu
[2024-09-19 15:08:09] PDF sauvegardé sur le serveur
[2024-09-19 15:18:25] Script démarré
[2024-09-19 15:18:25] Requête valide reçue
[2024-09-19 15:18:25] Autoloader chargé
[2024-09-19 15:18:25] Classes importées
[2024-09-19 15:18:25] Données du formulaire traitées
[2024-09-19 15:18:25] QR code généré
[2024-09-19 15:18:25] Contenu HTML créé
[2024-09-19 15:18:25] HTML chargé dans Dompdf
[2024-09-19 15:18:25] Format du papier défini
[2024-09-19 15:18:25] PDF rendu
[2024-09-19 15:18:25] PDF sauvegardé sur le serveur
